Using pre-set license

 COMMAND LINE ARGUMENTS:
/Applications/Unity/Hub/Editor/2020.2.4f1/Unity.app/Contents/MacOS/Unity
-adb2
-batchMode
-noUpm
-name
AssetImportWorker0
-projectPath
/Users/drikawinfrey/Coding/GameDev/Unit1_StarterFiles
-logFile
Logs/AssetImportWorker0.log
-srvPort
50889
Successfully changed project path to: /Users/drikawinfrey/Coding/GameDev/Unit1_StarterFiles
/Users/drikawinfrey/Coding/GameDev/Unit1_StarterFiles
Using Asset Import Pipeline V2.
Refreshing native plugins compatible for Editor in 41.93 ms, found 1 plugins.
Preloading 0 native plugins for Editor in 0.00 ms.
Initialize engine version: 2020.2.4f1 (becced5a802b)
[Subsystems] Discovering subsystems at path /Applications/Unity/Hub/Editor/2020.2.4f1/Unity.app/Contents/Resources/UnitySubsystems
[Subsystems] Discovering subsystems at path /Users/drikawinfrey/Coding/GameDev/Unit1_StarterFiles/Assets
GfxDevice: creating device client; threaded=0
2021-02-18 14:26:01.510 Unity[11984:350265] (null) preferred device: Apple M1 (high power)
2021-02-18 14:26:01.526 Unity[11984:350265] Metal devices available: 1
2021-02-18 14:26:01.527 Unity[11984:350265] 0: Apple M1 (high power)
2021-02-18 14:26:01.527 Unity[11984:350265] Using device Apple M1 (high power)
Initializing Metal device caps: Apple M1
Initialize mono
Mono path[0] = '/Applications/Unity/Hub/Editor/2020.2.4f1/Unity.app/Contents/Managed'
Mono path[1] = '/Applications/Unity/Hub/Editor/2020.2.4f1/Unity.app/Contents/MonoBleedingEdge/lib/mono/unityjit'
Mono config path = '/Applications/Unity/Hub/Editor/2020.2.4f1/Unity.app/Contents/MonoBleedingEdge/etc'
Using monoOptions --debugger-agent=transport=dt_socket,embedding=1,server=y,suspend=n,address=127.0.0.1:56984
Begin MonoManager ReloadAssembly
Registering precompiled unity dll's ...
Register platform support module: /Applications/Unity/Hub/Editor/2020.2.4f1/Unity.app/Contents/PlaybackEngines/MacStandaloneSupport/UnityEditor.OSXStandalone.Extensions.dll
Registered in 0.007819 seconds.
Native extension for OSXStandalone target not found
Refreshing native plugins compatible for Editor in 46.93 ms, found 1 plugins.
Preloading 0 native plugins for Editor in 0.00 ms.
Invoked RoslynAnalysisRunner static constructor.
RoslynAnalysisRunner will not be running.
RoslynAnalysisRunner has terminated.
Mono: successfully reloaded assembly
- Completed reload, in  3.375 seconds
Platform modules already initialized, skipping
Registering precompiled user dll's ...
Registered in 0.000839 seconds.
Begin MonoManager ReloadAssembly
Native extension for OSXStandalone target not found
Refreshing native plugins compatible for Editor in 43.36 ms, found 1 plugins.
Preloading 0 native plugins for Editor in 0.00 ms.
Invoked RoslynAnalysisRunner static constructor.
RoslynAnalysisRunner will not be running.
RoslynAnalysisRunner has terminated.
Mono: successfully reloaded assembly
- Completed reload, in  1.925 seconds
Platform modules already initialized, skipping
========================================================================
Worker process is ready to serve import requests
Shader 'Universal Render Pipeline/Particles/Lit': fallback shader 'Universal Render Pipeline/Particles/SimpleLit' not found
Shader 'Universal Render Pipeline/Particles/Lit': fallback shader 'Universal Render Pipeline/Particles/SimpleLit' not found
Launching external process: /Applications/Unity/Hub/Editor/2020.2.4f1/Unity.app/Contents/Tools/UnityShaderCompiler
Launched and connected shader compiler UnityShaderCompiler after 0.04 seconds
Refreshing native plugins compatible for Editor in 0.37 ms, found 1 plugins.
Preloading 0 native plugins for Editor in 0.00 ms.
Unloading 2407 Unused Serialized files (Serialized files now loaded: 0)
System memory in use before: 172.4 MB.
System memory in use after: 170.0 MB.

Unloading 46 unused Assets to reduce memory usage. Loaded Objects now: 2810.
Total: 3.058041 ms (FindLiveObjects: 0.180834 ms CreateObjectMapping: 0.054709 ms MarkObjects: 1.395334 ms  DeleteObjects: 1.426208 ms)

========================================================================
Received Import Request.
  path: Assets/Readme.asset
  artifactKey: Guid(83c2ed844a8c74b779a4c823d16594b1) Importer(815301076,1909f56bfc062723c751e8b465ee728b)
Start importing Assets/Readme.asset using Guid(83c2ed844a8c74b779a4c823d16594b1) Importer(815301076,1909f56bfc062723c751e8b465ee728b)  -> (artifact id: 'e458a42bb815437a9f5082db1582f05d') in 0.782450 seconds
  Import took 0.786246 seconds .

========================================================================
Received Prepare
Trying to reload asset but can't find object on disk

Trying to reload asset but can't find object on disk

Trying to reload asset but can't find object on disk

Trying to reload asset but can't find object on disk

Trying to reload asset but can't find object on disk

Trying to reload asset but can't find object on disk

Trying to reload asset but can't find object on disk

Trying to reload asset but can't find object on disk

Trying to reload asset but can't find object on disk

Trying to reload asset but can't find object on disk

Trying to reload asset but can't find object on disk

Trying to reload asset but can't find object on disk

Trying to reload asset but can't find object on disk

Trying to reload asset but can't find object on disk

Trying to reload asset but can't find object on disk

Trying to reload asset but can't find object on disk

Trying to reload asset but can't find object on disk

Trying to reload asset but can't find object on disk

Trying to reload asset but can't find object on disk

Trying to reload asset but can't find object on disk

Trying to reload asset but can't find object on disk

Trying to reload asset but can't find object on disk

Trying to reload asset but can't find object on disk

Trying to reload asset but can't find object on disk

Trying to reload asset but can't find object on disk

Trying to reload asset but can't find object on disk

Registering precompiled user dll's ...
Registered in 0.000469 seconds.
Begin MonoManager ReloadAssembly
Error: Could not load signature of Packages.Rider.Editor.UnitTesting.SyncTestRunCallback:RunStarted due to: Could not load file or assembly 'nunit.framework, Version=3.5.0.0, Culture=neutral, PublicKeyToken=2638cd05610744eb' or one of its dependencies. assembly:nunit.framework, Version=3.5.0.0, Culture=neutral, PublicKeyToken=2638cd05610744eb type:<unknown type> member:(null) signature:<none>

Error: Could not load signature of UnityEngine.TestRunner.ITestRunCallback:RunStarted due to: Could not load file or assembly 'nunit.framework, Version=3.5.0.0, Culture=neutral, PublicKeyToken=2638cd05610744eb' or one of its dependencies. assembly:nunit.framework, Version=3.5.0.0, Culture=neutral, PublicKeyToken=2638cd05610744eb type:<unknown type> member:(null) signature:<none>

Unloading broken assembly Library/ScriptAssemblies/Unity.Rider.Editor.dll, this assembly can cause crashes in the runtime

Unloading broken assembly Library/ScriptAssemblies/UnityEditor.TestRunner.dll, this assembly can cause crashes in the runtime

Unloading broken assembly Library/ScriptAssemblies/UnityEngine.TestRunner.dll, this assembly can cause crashes in the runtime

Native extension for OSXStandalone target not found
Refreshing native plugins compatible for Editor in 23.36 ms, found 0 plugins.
Preloading 0 native plugins for Editor in 0.00 ms.
TypeLoadException: Could not load array element type, due to: Could not load type of field 'Packages.Rider.Editor.UnitTesting.TestEvent:testStatus' (4) due to: Could not load file or assembly 'nunit.framework, Version=3.5.0.0, Culture=neutral, PublicKeyToken=2638cd05610744eb' or one of its dependencies. assembly:nunit.framework, Version=3.5.0.0, Culture=neutral, PublicKeyToken=2638cd05610744eb type:<unknown type> member:(null) signature:<none> assembly:/Users/drikawinfrey/Coding/GameDev/Unit1_StarterFiles/Library/ScriptAssemblies/Unity.Rider.Editor.dll type:TestEvent member:(null) signature:<none>
  at System.Collections.Generic.List`1[T]..cctor () [0x00000] in <9577ac7a62ef43179789031239ba8798>:0 
Rethrow as TypeInitializationException: The type initializer for 'System.Collections.Generic.List`1' threw an exception.
  at Packages.Rider.Editor.UnitTesting.CallbackData..ctor () [0x00000] in /Users/drikawinfrey/Coding/GameDev/Unit1_StarterFiles/Library/PackageCache/com.unity.ide.rider@2.0.7/Rider/Editor/UnitTesting/CallbackData.cs:23 
UnityEngine.ScriptableObject:CreateScriptableObjectInstanceFromType(Type, Boolean)
UnityEngine.ScriptableObject:CreateInstance(Type) (at /Users/bokken/buildslave/unity/build/Runtime/Export/Scripting/ScriptableObject.bindings.cs:34)
UnityEngine.ScriptableObject:CreateInstance() (at /Users/bokken/buildslave/unity/build/Runtime/Export/Scripting/ScriptableObject.bindings.cs:40)
UnityEditor.ScriptableSingleton`1:CreateAndLoad() (at /Users/bokken/buildslave/unity/build/Editor/Mono/ScriptableSingleton.cs:108)
UnityEditor.ScriptableSingleton`1:get_instance() (at /Users/bokken/buildslave/unity/build/Editor/Mono/ScriptableSingleton.cs:72)
Packages.Rider.Editor.UnitTesting.CallbackInitializer:.cctor() (at Library/PackageCache/com.unity.ide.rider@2.0.7/Rider/Editor/UnitTesting/CallbackInitializer.cs:13)
System.Runtime.CompilerServices.RuntimeHelpers:RunClassConstructor(IntPtr)
System.Runtime.CompilerServices.RuntimeHelpers:RunClassConstructor(RuntimeTypeHandle)
UnityEditor.EditorAssemblies:ProcessInitializeOnLoadAttributes(Type[]) (at /Users/bokken/buildslave/unity/build/Editor/Mono/EditorAssemblies.cs:114)

System.NullReferenceException: Object reference not set to an instance of an object
  at Packages.Rider.Editor.UnitTesting.CallbackInitializer..cctor () [0x00000] in /Users/drikawinfrey/Coding/GameDev/Unit1_StarterFiles/Library/PackageCache/com.unity.ide.rider@2.0.7/Rider/Editor/UnitTesting/CallbackInitializer.cs:13 
UnityEngine.StackTraceUtility:ExtractStackTrace () (at /Users/bokken/buildslave/unity/build/Runtime/Export/Scripting/StackTrace.cs:37)
UnityEngine.DebugLogHandler:LogFormat (UnityEngine.LogType,UnityEngine.Object,string,object[])
UnityEngine.Logger:Log (UnityEngine.LogType,object)
UnityEngine.Debug:LogError (object)
UnityEditor.EditorAssemblies:ProcessInitializeOnLoadAttributes (System.Type[]) (at /Users/bokken/buildslave/unity/build/Editor/Mono/EditorAssemblies.cs:118)

(Filename: /Users/bokken/buildslave/unity/build/Runtime/Export/Scripting/StackTrace.cs Line: 37)

Invoked RoslynAnalysisRunner static constructor.
RoslynAnalysisRunner will not be running.
RoslynAnalysisRunner has terminated.
Mono: successfully reloaded assembly
- Completed reload, in  1.893 seconds
Platform modules already initialized, skipping
Switching render pipeline 19ba41d7c0026c3459d37c2fe90c55a0 -> 00000000000000000000000000000000
Refreshing native plugins compatible for Editor in 0.21 ms, found 0 plugins.
Preloading 0 native plugins for Editor in 0.00 ms.
Unloading 2 Unused Serialized files (Serialized files now loaded: 0)
System memory in use before: 101.9 MB.
System memory in use after: 100.8 MB.

Unloading 68 unused Assets to reduce memory usage. Loaded Objects now: 1650.
Total: 2.735583 ms (FindLiveObjects: 0.428708 ms CreateObjectMapping: 0.028500 ms MarkObjects: 1.324625 ms  DeleteObjects: 0.953041 ms)

